<?xml version="1.0" encoding="UTF-8"?>
<testsuite name="AnimalTest" tests="1" skipped="0" failures="0" errors="0" timestamp="2020-02-11T14:02:17" hostname="umuzi" time="0.003">
  <properties/>
  <testcase name="TestDogEats" classname="AnimalTest" time="0.003"/>
  <system-out><![CDATA[ Food
]]></system-out>
  <system-err><![CDATA[]]></system-err>
</testsuite>
